<?xml version="1.0" encoding="UTF-8"?>
<!-- Generated by org.testng.reporters.JUnitXMLReporter -->
<testsuite hostname="Dhruba" ignored="0" name="Test SauceNode1" tests="2" failures="1" timestamp="25 Nov 2018 02:03:33 GMT" time="20.433" errors="0">
  <testcase name="initialize" time="20.368" classname="sauceLabTesting.SauceNode1"/>
  <testcase name="tearDown" time="0.0" classname="sauceLabTesting.SauceNode1">
    <failure type="org.testng.TestNGException" message="
Cannot inject @Test annotated Method [tearDown] with [interface org.openqa.selenium.WebDriver].
For more information on native dependency injection please refer to http://testng.org/doc/documentation-main.html#native-dependency-injection">
      <![CDATA[org.testng.TestNGException: 
Cannot inject @Test annotated Method [tearDown] with [interface org.openqa.selenium.WebDriver].
For more information on native dependency injection please refer to http://testng.org/doc/documentation-main.html#native-dependency-injection
at java.util.concurrent.FutureTask.run(Unknown Source)
at java.util.concurrent.ThreadPoolExecutor.runWorker(Unknown Source)
at java.util.concurrent.ThreadPoolExecutor$Worker.run(Unknown Source)
at java.lang.Thread.run(Unknown Source)
... Removed 15 stack frames]]>
    </failure>
  </testcase> <!-- tearDown -->
</testsuite> <!-- Test SauceNode1 -->
